<?xml version="1.0" encoding="UTF-8"?>
<testng-results ignored="0" total="1" passed="1" failed="0" skipped="0">
  <reporter-output>
  </reporter-output>
  <suite started-at="2021-03-02T02:47:54 MYT" name="Default suite" finished-at="2021-03-02T02:47:57 MYT" duration-ms="2862">
    <groups>
    </groups>
    <test started-at="2021-03-02T02:47:54 MYT" name="Default test" finished-at="2021-03-02T02:47:57 MYT" duration-ms="2862">
      <class name="KSWOO.Tutorial25.ExtentReport">
        <test-method is-config="true" signature="config()[pri:0, instance:KSWOO.Tutorial25.ExtentReport@50b5ac82]" started-at="2021-03-02T02:47:54 MYT" name="config" finished-at="2021-03-02T02:47:54 MYT" duration-ms="164" status="PASS">
          <reporter-output>
          </reporter-output>
        </test-method> <!-- config -->
        <test-method signature="initateDriver()[pri:0, instance:KSWOO.Tutorial25.ExtentReport@50b5ac82]" started-at="2021-03-02T02:47:54 MYT" name="initateDriver" finished-at="2021-03-02T02:47:57 MYT" duration-ms="2678" status="PASS">
          <reporter-output>
          </reporter-output>
        </test-method> <!-- initateDriver -->
      </class> <!-- KSWOO.Tutorial25.ExtentReport -->
    </test> <!-- Default test -->
  </suite> <!-- Default suite -->
</testng-results>
